<?xml version="1.0" encoding="UTF-8"?>
<!-- Generated by org.testng.reporters.JUnitReportReporter -->
<testsuite skipped="0" hostname="DESKTOP-G1GANOT" name="testNgAnnotations.GoogleTest" tests="4" failures="0" timestamp="23 Jul 2019 23:28:39 GMT" time="104.147" errors="0">
  <testcase name="googleTitleTest" time="13.140" classname="testNgAnnotations.GoogleTest"/>
  <testcase name="googleLogoTest" time="12.588" classname="testNgAnnotations.GoogleTest"/>
  <testcase name="searchTest" time="52.621" classname="testNgAnnotations.GoogleTest"/>
  <testcase name="searchTest2" time="25.798" classname="testNgAnnotations.GoogleTest"/>
</testsuite> <!-- testNgAnnotations.GoogleTest -->
