<?xml version="1.0" encoding="UTF-8"?>
<!-- Generated by org.testng.reporters.JUnitReportReporter -->
<testsuite skipped="0" hostname="DESKTOP-G1GANOT" name="testNgAnnotations.TestNgBasic" tests="3" failures="0" timestamp="23 Jul 2019 21:57:45 GMT" time="0.010" errors="0">
  <testcase name="googleTitleTest" time="0.008" classname="testNgAnnotations.TestNgBasic"/>
  <testcase name="searchTest" time="0.002" classname="testNgAnnotations.TestNgBasic"/>
  <testcase name="googleLogoutTest" time="0.000" classname="testNgAnnotations.TestNgBasic"/>
</testsuite> <!-- testNgAnnotations.TestNgBasic -->
